2024-07-16 21:39:24.199 [info] Added views:workbench.panel.markers.view in workbench.panel.markers
2024-07-16 21:39:24.199 [info] Added views:workbench.panel.output in workbench.panel.output
2024-07-16 21:39:24.199 [info] Added views:terminal in terminal
2024-07-16 21:39:24.199 [info] Added views:outline in workbench.view.explorer
2024-07-16 21:39:24.199 [info] Added views:workbench.scm in workbench.view.scm
2024-07-16 21:39:24.199 [info] Added views:workbench.view.search in workbench.view.search
2024-07-16 21:39:24.199 [info] Added views:timeline in workbench.view.explorer
2024-07-16 21:39:24.199 [info] Added views:workbench.explorer.emptyView in workbench.view.explorer
2024-07-16 21:39:24.451 [info] Added views:workbench.debug.welcome in workbench.view.debug
2024-07-16 21:39:25.000 [info] Added views:workbench.panel.repl.view in workbench.panel.repl
2024-07-16 21:39:25.221 [info] Added views:~remote.forwardedPorts in ~remote.forwardedPortsContainer
2024-07-16 21:39:55.886 [info] Added views:workbench.panel.markers.view in workbench.panel.markers
2024-07-16 21:39:55.886 [info] Added views:workbench.panel.output in workbench.panel.output
2024-07-16 21:39:55.886 [info] Added views:terminal in terminal
2024-07-16 21:39:55.886 [info] Added views:outline in workbench.view.explorer
2024-07-16 21:39:55.886 [info] Added views:workbench.scm in workbench.view.scm
2024-07-16 21:39:55.886 [info] Added views:workbench.view.search in workbench.view.search
2024-07-16 21:39:55.886 [info] Added views:timeline in workbench.view.explorer
2024-07-16 21:39:55.886 [info] Added views:workbench.explorer.fileView in workbench.view.explorer
2024-07-16 21:39:56.053 [info] Added views:workbench.debug.variablesView,workbench.debug.watchExpressionsView,workbench.debug.callStackView,workbench.debug.breakPointsView in workbench.view.debug
2024-07-16 21:39:56.438 [info] Added views:~remote.forwardedPorts in ~remote.forwardedPortsContainer
2024-07-16 21:39:56.505 [info] Added views:workbench.panel.repl.view in workbench.panel.repl
2024-07-16 21:39:56.508 [info] Removed views:workbench.debug.breakPointsView,workbench.debug.callStackView,workbench.debug.watchExpressionsView,workbench.debug.variablesView from workbench.view.debug
2024-07-16 21:39:56.509 [info] Added views:workbench.debug.welcome in workbench.view.debug
