2024-07-17 21:02:22.262 [info] Log level: Info
2024-07-17 21:02:22.262 [info] Validating found git in: "git"
2024-07-17 21:02:22.262 [info] Using git "2.39.2" from "git"
2024-07-17 21:02:22.262 [info] > git rev-parse --show-toplevel [9ms]
2024-07-17 21:02:22.262 [info] fatal: not a git repository (or any of the parent directories): .git
2024-07-17 21:02:22.262 [info] > git rev-parse --show-toplevel [4ms]
2024-07-17 21:02:22.262 [info] fatal: not a git repository (or any of the parent directories): .git
2024-07-17 21:02:22.262 [info] > git rev-parse --show-toplevel [1ms]
2024-07-17 21:02:22.262 [info] fatal: not a git repository (or any of the parent directories): .git
2024-07-17 21:02:22.276 [info] > git rev-parse --show-toplevel [1ms]
2024-07-17 21:02:22.276 [info] fatal: not a git repository (or any of the parent directories): .git
2024-07-17 21:02:22.278 [info] > git rev-parse --show-toplevel [1ms]
2024-07-17 21:02:22.278 [info] fatal: not a git repository (or any of the parent directories): .git
2024-07-17 21:02:22.283 [info] > git rev-parse --show-toplevel [3ms]
2024-07-17 21:02:22.283 [info] fatal: not a git repository (or any of the parent directories): .git
2024-07-17 21:02:22.287 [info] > git rev-parse --show-toplevel [0ms]
2024-07-17 21:02:22.287 [info] fatal: not a git repository (or any of the parent directories): .git
2024-07-17 21:02:22.290 [info] > git rev-parse --show-toplevel [1ms]
2024-07-17 21:02:22.290 [info] fatal: not a git repository (or any of the parent directories): .git
2024-07-17 21:02:22.293 [info] > git rev-parse --show-toplevel [1ms]
2024-07-17 21:02:22.293 [info] fatal: not a git repository (or any of the parent directories): .git
2024-07-17 21:02:22.296 [info] > git rev-parse --show-toplevel [0ms]
2024-07-17 21:02:22.297 [info] fatal: not a git repository (or any of the parent directories): .git
2024-07-17 21:02:22.300 [info] > git rev-parse --show-toplevel [1ms]
2024-07-17 21:02:22.300 [info] fatal: not a git repository (or any of the parent directories): .git
2024-07-17 21:02:22.303 [info] > git rev-parse --show-toplevel [1ms]
2024-07-17 21:02:22.303 [info] fatal: not a git repository (or any of the parent directories): .git
2024-07-17 21:02:22.306 [info] > git rev-parse --show-toplevel [1ms]
2024-07-17 21:02:22.306 [info] fatal: not a git repository (or any of the parent directories): .git
2024-07-17 21:02:22.309 [info] > git rev-parse --show-toplevel [1ms]
2024-07-17 21:02:22.309 [info] fatal: not a git repository (or any of the parent directories): .git
2024-07-17 21:02:22.311 [info] > git rev-parse --show-toplevel [0ms]
2024-07-17 21:02:22.311 [info] fatal: not a git repository (or any of the parent directories): .git
2024-07-17 21:02:22.319 [info] > git rev-parse --show-toplevel [6ms]
2024-07-17 21:02:22.319 [info] fatal: not a git repository (or any of the parent directories): .git
2024-07-17 21:02:22.326 [info] > git rev-parse --show-toplevel [1ms]
2024-07-17 21:02:22.326 [info] fatal: not a git repository (or any of the parent directories): .git
2024-07-17 21:02:22.336 [info] > git rev-parse --show-toplevel [4ms]
2024-07-17 21:02:22.336 [info] fatal: not a git repository (or any of the parent directories): .git
2024-07-17 21:02:22.339 [info] > git rev-parse --show-toplevel [0ms]
2024-07-17 21:02:22.340 [info] fatal: not a git repository (or any of the parent directories): .git
2024-07-17 21:02:22.343 [info] > git rev-parse --show-toplevel [1ms]
2024-07-17 21:02:22.343 [info] fatal: not a git repository (or any of the parent directories): .git
2024-07-17 21:02:22.347 [info] > git rev-parse --show-toplevel [1ms]
2024-07-17 21:02:22.347 [info] fatal: not a git repository (or any of the parent directories): .git
2024-07-17 21:02:22.350 [info] > git rev-parse --show-toplevel [1ms]
2024-07-17 21:02:22.350 [info] fatal: not a git repository (or any of the parent directories): .git
2024-07-17 21:02:22.353 [info] > git rev-parse --show-toplevel [1ms]
2024-07-17 21:02:22.353 [info] fatal: not a git repository (or any of the parent directories): .git
2024-07-17 21:02:22.356 [info] > git rev-parse --show-toplevel [1ms]
2024-07-17 21:02:22.356 [info] fatal: not a git repository (or any of the parent directories): .git
2024-07-17 21:02:22.359 [info] > git rev-parse --show-toplevel [1ms]
2024-07-17 21:02:22.359 [info] fatal: not a git repository (or any of the parent directories): .git
2024-07-17 21:02:22.362 [info] > git rev-parse --show-toplevel [1ms]
2024-07-17 21:02:22.362 [info] fatal: not a git repository (or any of the parent directories): .git
2024-07-17 21:02:22.365 [info] > git rev-parse --show-toplevel [1ms]
2024-07-17 21:02:22.365 [info] fatal: not a git repository (or any of the parent directories): .git
2024-07-17 21:02:22.368 [info] > git rev-parse --show-toplevel [1ms]
2024-07-17 21:02:22.368 [info] fatal: not a git repository (or any of the parent directories): .git
2024-07-17 21:02:22.371 [info] > git rev-parse --show-toplevel [1ms]
2024-07-17 21:02:22.371 [info] fatal: not a git repository (or any of the parent directories): .git
2024-07-17 21:02:22.374 [info] > git rev-parse --show-toplevel [1ms]
2024-07-17 21:02:22.374 [info] fatal: not a git repository (or any of the parent directories): .git
2024-07-17 21:02:23.730 [info] > git rev-parse --show-toplevel [0ms]
2024-07-17 21:02:23.730 [info] fatal: not a git repository (or any of the parent directories): .git
