2024-07-16 21:39:59.783 [info] Log level: Info
2024-07-16 21:39:59.783 [info] Validating found git in: "git"
2024-07-16 21:39:59.783 [info] Using git "2.39.2" from "git"
2024-07-16 21:39:59.783 [info] > git rev-parse --show-toplevel [7ms]
2024-07-16 21:39:59.783 [info] fatal: not a git repository (or any of the parent directories): .git
2024-07-16 21:39:59.789 [info] > git rev-parse --show-toplevel [1ms]
2024-07-16 21:39:59.789 [info] fatal: not a git repository (or any of the parent directories): .git
2024-07-16 21:39:59.793 [info] > git rev-parse --show-toplevel [1ms]
2024-07-16 21:39:59.793 [info] fatal: not a git repository (or any of the parent directories): .git
2024-07-16 21:39:59.797 [info] > git rev-parse --show-toplevel [0ms]
2024-07-16 21:39:59.797 [info] fatal: not a git repository (or any of the parent directories): .git
2024-07-16 21:39:59.801 [info] > git rev-parse --show-toplevel [1ms]
2024-07-16 21:39:59.801 [info] fatal: not a git repository (or any of the parent directories): .git
2024-07-16 21:39:59.804 [info] > git rev-parse --show-toplevel [1ms]
2024-07-16 21:39:59.804 [info] fatal: not a git repository (or any of the parent directories): .git
2024-07-16 21:39:59.808 [info] > git rev-parse --show-toplevel [0ms]
2024-07-16 21:39:59.808 [info] fatal: not a git repository (or any of the parent directories): .git
2024-07-16 21:39:59.811 [info] > git rev-parse --show-toplevel [1ms]
2024-07-16 21:39:59.811 [info] fatal: not a git repository (or any of the parent directories): .git
2024-07-16 21:39:59.813 [info] > git rev-parse --show-toplevel [0ms]
2024-07-16 21:39:59.814 [info] fatal: not a git repository (or any of the parent directories): .git
2024-07-16 21:39:59.817 [info] > git rev-parse --show-toplevel [1ms]
2024-07-16 21:39:59.817 [info] fatal: not a git repository (or any of the parent directories): .git
2024-07-16 21:39:59.821 [info] > git rev-parse --show-toplevel [1ms]
2024-07-16 21:39:59.821 [info] fatal: not a git repository (or any of the parent directories): .git
2024-07-16 21:39:59.824 [info] > git rev-parse --show-toplevel [1ms]
2024-07-16 21:39:59.824 [info] fatal: not a git repository (or any of the parent directories): .git
2024-07-16 21:39:59.827 [info] > git rev-parse --show-toplevel [0ms]
2024-07-16 21:39:59.827 [info] fatal: not a git repository (or any of the parent directories): .git
2024-07-16 21:39:59.830 [info] > git rev-parse --show-toplevel [0ms]
2024-07-16 21:39:59.830 [info] fatal: not a git repository (or any of the parent directories): .git
2024-07-16 21:39:59.834 [info] > git rev-parse --show-toplevel [1ms]
2024-07-16 21:39:59.834 [info] fatal: not a git repository (or any of the parent directories): .git
2024-07-16 21:39:59.838 [info] > git rev-parse --show-toplevel [1ms]
2024-07-16 21:39:59.838 [info] fatal: not a git repository (or any of the parent directories): .git
2024-07-16 21:39:59.842 [info] > git rev-parse --show-toplevel [1ms]
2024-07-16 21:39:59.842 [info] fatal: not a git repository (or any of the parent directories): .git
2024-07-16 21:39:59.846 [info] > git rev-parse --show-toplevel [0ms]
2024-07-16 21:39:59.846 [info] fatal: not a git repository (or any of the parent directories): .git
2024-07-16 21:39:59.849 [info] > git rev-parse --show-toplevel [1ms]
2024-07-16 21:39:59.849 [info] fatal: not a git repository (or any of the parent directories): .git
2024-07-16 21:39:59.853 [info] > git rev-parse --show-toplevel [1ms]
2024-07-16 21:39:59.853 [info] fatal: not a git repository (or any of the parent directories): .git
2024-07-16 21:39:59.856 [info] > git rev-parse --show-toplevel [1ms]
2024-07-16 21:39:59.856 [info] fatal: not a git repository (or any of the parent directories): .git
2024-07-16 21:39:59.860 [info] > git rev-parse --show-toplevel [1ms]
2024-07-16 21:39:59.860 [info] fatal: not a git repository (or any of the parent directories): .git
2024-07-16 21:39:59.864 [info] > git rev-parse --show-toplevel [1ms]
2024-07-16 21:39:59.864 [info] fatal: not a git repository (or any of the parent directories): .git
2024-07-16 21:39:59.867 [info] > git rev-parse --show-toplevel [1ms]
2024-07-16 21:39:59.867 [info] fatal: not a git repository (or any of the parent directories): .git
2024-07-16 21:39:59.870 [info] > git rev-parse --show-toplevel [0ms]
2024-07-16 21:39:59.871 [info] fatal: not a git repository (or any of the parent directories): .git
2024-07-16 21:39:59.874 [info] > git rev-parse --show-toplevel [1ms]
2024-07-16 21:39:59.874 [info] fatal: not a git repository (or any of the parent directories): .git
2024-07-16 21:40:09.594 [info] > git rev-parse --show-toplevel [0ms]
2024-07-16 21:40:09.594 [info] fatal: not a git repository (or any of the parent directories): .git
2024-07-16 21:40:10.987 [info] > git rev-parse --show-toplevel [0ms]
2024-07-16 21:40:10.987 [info] fatal: not a git repository (or any of the parent directories): .git
